
CPPTRAJ: Trajectory Analysis. V4.20.2 (GitHub) OpenMP CUDA
    ___  ___  ___  ___
     | \/ | \/ | \/ | 
    _|_/\_|_/\_|_/\_|_

| 3 OpenMP threads available.
| Date/time: 04/27/20 22:38:34
| Available memory: 283.128 MB
| CUDA device: GeForce GTX 1080 Ti
| Available GPU memory: 11.722 GB

INPUT: Reading input from 'gigist.in'
  [parm /home/eric/COVID/Mckay/rewatmd/W636AB_APO/eric.17234.master.lehman.edu/W636AB_APO_OPC.top]
	Reading '/home/eric/COVID/Mckay/rewatmd/W636AB_APO/eric.17234.master.lehman.edu/W636AB_APO_OPC.top' as Amber Topology
	Radius Set: modified Bondi radii (mbondi)
  [trajin /home/eric/COVID/Mckay/rewatmd/W636AB_APO/eric.17234.master.lehman.edu/prod.nc 1 1000]
	Reading '/home/eric/COVID/Mckay/rewatmd/W636AB_APO/eric.17234.master.lehman.edu/prod.nc' as Amber NetCDF
  [gigist griddim 60 60 60 refdens 0.0333 gridspacn 0.5 gridcntr 49 38 68]
Center: 49 38 68, Dimensions 60 60 60
  When using this GIST implementation please cite:
#    Johannes Kraml, Anna S. Kamenik, Franz Waibl, Michael Schauperl, Klaus R. Liedl, JCTC (2019)
#    Steven Ramsey, Crystal Nguyen, Romelia Salomon-Ferrer, Ross C. Walker, Michael K. Gilson, and Tom Kurtzman
#      J. Comp. Chem. 37 (21) 2016
#    Crystal Nguyen, Michael K. Gilson, and Tom Young, arXiv:1108.4876v1 (2011)
#    Crystal N. Nguyen, Tom Kurtzman Young, and Michael K. Gilson,
#      J. Chem. Phys. 137, 044101 (2012)
#    Lazaridis, J. Phys. Chem. B 102, 3531–3541 (1998)
  [go]
---------- RUN BEGIN -------------------------------------------------

PARAMETER FILES (1 total):
 0: W636AB_APO_OPC.top, 83566 atoms, 19162 res, box: Orthogonal, 18550 mol, 18548 solvent

INPUT TRAJECTORIES (1 total):
 0: 'prod.nc' is a NetCDF AMBER trajectory with coordinates, time, box, Parm W636AB_APO_OPC.top (Orthogonal box) (reading 1000 of 40000)
  Coordinate processing will occur on 1000 frames.

BEGIN TRAJECTORY PROCESSING:
.....................................................
ACTION SETUP FOR PARM 'W636AB_APO_OPC.top' (1 actions):
  0: [gigist griddim 60 60 60 refdens 0.0333 gridspacn 0.5 gridcntr 49 38 68]
----- prod.nc (1-1000, 1) -----
 0% 10% 20% 30% 40% 50% 60% 70% 80% 90% 100% Complete.

Read 1000 frames and processed 1000 frames.
TIME: Avg. throughput= 0.9799 frames / second.

ACTION OUTPUT:
Processed 1000 frames.
Moving on to entropy calculation.
 0% 10% 20% 30% 40% 50% 60% 70% 80% 90% 100% Complete.
Writing output:
 0% 10% 20% 30% 40% 50% 60% 70% 80% 90% 100% Complete.
Timings:
 Find Head Atom:     15.718
 Add up Energy:       0.000
 Calculate Dipole:    0.000
 Calculate Quat:      0.000
 Calculate Energy: 1002.138

TIME: Analyses took 0.0000 seconds.

DATASETS (25 total):
	GIST_00001[population] "GIST_00001[population]" (float grid), size is 216000 (864.032 kB)
	GIST_00001[dTStrans_norm] "GIST_00001[dTStrans_norm]" (float grid), size is 216000 (864.032 kB)
	GIST_00001[dTStrans_dens] "GIST_00001[dTStrans_dens]" (float grid), size is 216000 (864.032 kB)
	GIST_00001[dTSorient_norm] "GIST_00001[dTSorient_norm]" (float grid), size is 216000 (864.032 kB)
	GIST_00001[dTSorient_dens] "GIST_00001[dTSorient_dens]" (float grid), size is 216000 (864.032 kB)
	GIST_00001[dTSsix_norm] "GIST_00001[dTSsix_norm]" (float grid), size is 216000 (864.032 kB)
	GIST_00001[dTSsix_dens] "GIST_00001[dTSsix_dens]" (float grid), size is 216000 (864.032 kB)
	GIST_00001[Eww] "GIST_00001[Eww]" (float grid), size is 216000 (864.032 kB)
	GIST_00001[Eww_norm] "GIST_00001[Eww_norm]" (float grid), size is 216000 (864.032 kB)
	GIST_00001[Eww_dens] "GIST_00001[Eww_dens]" (float grid), size is 216000 (864.032 kB)
	GIST_00001[Esw] "GIST_00001[Esw]" (float grid), size is 216000 (864.032 kB)
	GIST_00001[Esw_norm] "GIST_00001[Esw_norm]" (float grid), size is 216000 (864.032 kB)
	GIST_00001[Esw_dens] "GIST_00001[Esw_dens]" (float grid), size is 216000 (864.032 kB)
	GIST_00001[dipole_x] "GIST_00001[dipole_x]" (float grid), size is 216000 (864.032 kB)
	GIST_00001[dipole_y] "GIST_00001[dipole_y]" (float grid), size is 216000 (864.032 kB)
	GIST_00001[dipole_z] "GIST_00001[dipole_z]" (float grid), size is 216000 (864.032 kB)
	GIST_00001[dipole_xtemp] "GIST_00001[dipole_xtemp]" (float grid), size is 216000 (864.032 kB)
	GIST_00001[dipole_ytemp] "GIST_00001[dipole_ytemp]" (float grid), size is 216000 (864.032 kB)
	GIST_00001[dipole_ztemp] "GIST_00001[dipole_ztemp]" (float grid), size is 216000 (864.032 kB)
	GIST_00001[dipole_g] "GIST_00001[dipole_g]" (float grid), size is 216000 (864.032 kB)
	GIST_00001[order] "GIST_00001[order]" (float grid), size is 216000 (864.032 kB)
	GIST_00001[order_norm] "GIST_00001[order_norm]" (float grid), size is 216000 (864.032 kB)
	GIST_00001[neighbour] "GIST_00001[neighbour]" (float grid), size is 216000 (864.032 kB)
	GIST_00001[neighbour_dens] "GIST_00001[neighbour_dens]" (float grid), size is 216000 (864.032 kB)
	GIST_00001[neighbour_norm] "GIST_00001[neighbour_norm]" (float grid), size is 216000 (864.032 kB)
    Total data set memory usage is at least 21.601 MB

DATAFILES (2 total):
  population.dx (OpenDX File):  GIST_00001[population]
  out.dat (GIST output)

RUN TIMING:
TIME:		Init               : 0.0000 s (  0.00%)
TIME:		Trajectory Process : 1020.4797 s ( 99.52%)
TIME:		Action Post        : 4.8496 s (  0.47%)
TIME:		Analysis           : 0.0000 s (  0.00%)
TIME:		Data File Write    : 0.0487 s (  0.00%)
TIME:		Other              : 0.0309 s (  0.00%)
TIME:	Run Total 1025.4090 s
---------- RUN END ---------------------------------------------------
TIME: Total execution time: 1025.9038 seconds.
--------------------------------------------------------------------------------
To cite CPPTRAJ use:
Daniel R. Roe and Thomas E. Cheatham, III, "PTRAJ and CPPTRAJ: Software for
  Processing and Analysis of Molecular Dynamics Trajectory Data". J. Chem.
  Theory Comput., 2013, 9 (7), pp 3084-3095.

